<?xml version="1.0" encoding="UTF-8" ?>
<testsuite tests="31" failures="0" name="RoverTest" time="0.159" errors="0" skipped="0">
  <properties>
[...]
</properties>
  <testcase classname="RoverTest" name="run_rotate_to_north_on_right_command" time="0.143"/>
  <testcase classname="RoverTest" name="run_should_move_the_rover_forward_to_the_over_side_of_the_planet_west_direction" time="0"/>
  <testcase classname="RoverTest" name="run_rotate_to_north_on_left_command" time="0"/>
  <testcase classname="RoverTest" name="run_rotate_to_east_on_right_command" time="0"/>
  <testcase classname="RoverTest" name="display_should_return_graphical_representation_of_custom_initial_position" time="0"/>
  <testcase classname="RoverTest" name="run_rotate_to_east_on_left_command" time="0"/>
  <testcase classname="RoverTest" name="run_should_move_the_rover_backward_to_the_over_side_of_the_planet_south_direction" time="0"/>
  <testcase classname="RoverTest" name="run_rotate_to_south_on_right_command" time="0.001"/>
  <testcase classname="RoverTest" name="run_should_move_the_rover_backward_to_the_over_side_of_the_planet_west_direction" time="0"/>
  <testcase classname="RoverTest" name="run_call_multiple_times_the_console" time="0.009"/>
  <testcase classname="RoverTest" name="run_should_move_backward_when_facing_east" time="0"/>
  <testcase classname="RoverTest" name="run_should_move_backward_when_facing_west" time="0"/>
  <testcase classname="RoverTest" name="run_should_move_the_rover_forward_to_the_over_side_of_the_planet_east_direction" time="0"/>
  <testcase classname="RoverTest" name="display_should_be_able_to_display_a_facing_direction_to_south" time="0"/>
  <testcase classname="RoverTest" name="run_should_move_the_rover_backward_to_the_over_side_of_the_planet" time="0.001"/>
  <testcase classname="RoverTest" name="run_should_move_backward_when_facing_north" time="0.001"/>
  <testcase classname="RoverTest" name="run_should_move_backward_when_facing_south" time="0.001"/>
  <testcase classname="RoverTest" name="run_should_move_the_rover_forward_to_the_over_side_of_the_planet_south_direction" time="0"/>
  <testcase classname="RoverTest" name="run_should_move_forward_when_facing_north" time="0"/>
  <testcase classname="RoverTest" name="run_should_move_forward_when_facing_south" time="0.001"/>
  <testcase classname="RoverTest" name="run_rotate_to_west_on_right_command" time="0"/>
  <testcase classname="RoverTest" name="run_should_move_the_rover_forward_to_the_over_side_of_the_planet" time="0"/>
  <testcase classname="RoverTest" name="run_on_multiple_commands" time="0"/>
  <testcase classname="RoverTest" name="run_should_move_the_rover_backward_to_the_over_side_of_the_planet_east_direction" time="0"/>
  <testcase classname="RoverTest" name="run_should_move_forward_when_facing_east" time="0.001"/>
  <testcase classname="RoverTest" name="run_should_move_forward_when_facing_west" time="0"/>
  <testcase classname="RoverTest" name="run_rotate_to_west_on_left_command" time="0.001"/>
  <testcase classname="RoverTest" name="run_rotate_to_south_on_left_command" time="0"/>
  <testcase classname="RoverTest" name="display_should_be_able_to_display_a_facing_direction_to_east" time="0"/>
  <testcase classname="RoverTest" name="display_should_be_able_to_display_a_facing_direction_to_west" time="0"/>
  <testcase classname="RoverTest" name="display_should_return_graphical_representation_of_default_initial_position" time="0"/>
</testsuite>